(.venv) PS D:\Users\dell\PycharmProjects\vmd_cnn_lstm_project> python src/main.py

============================================================
--- 2. 基线 CNN-LSTM 模型 (原始数据) ---
============================================================

--------------------------------------------------
基线 CNN-LSTM (原始数据) 模型评估结果 (测试集, 反归一化):
均方误差(MSE): 40.2881
均方根误差(RMSE): 6.3473
平均绝对误差(MAE): 5.0129
拟合优度(R^2): 0.9003
--------------------------------------------------

============================================================
--- 3. VMD 分解时间序列 ---
============================================================
IMF 1 与原始数据的相关系数: 0.9923
IMF 2 与原始数据的相关系数: 0.0725
IMF 3 与原始数据的相关系数: 0.0641
IMF 4 与原始数据的相关系数: 0.0648
IMF 5 与原始数据的相关系数: 0.0613
选择 IMF 1 作为残差项（趋势项）

============================================================
--- 4. VMD-CNN-LSTM (对每个 IMF 进行预测) ---
============================================================

--- 开始处理 imf_1 ---
将 imf_1 作为残差项进行特殊处理...

处理影响因子: 电力工程投资


处理影响因子: 电力设备购置投资

处理影响因子: 原材料成本

处理影响因子: 极端气温事件

处理影响因子: 暴雨洪涝灾害

处理影响因子: 人工成本

处理影响因子: 干旱灾害
残差项 (imf_1) 预测完成

--- 开始处理 imf_2 ---
--------------------------------------------------
imf_2 模型评估结果 (测试集, 反归一化):
均方误差(MSE): 0.0356
均方根误差(RMSE): 0.1886
平均绝对误差(MAE): 0.1509
拟合优度(R^2): 0.9834
--------------------------------------------------

--- 开始处理 imf_3 ---

--------------------------------------------------
imf_3 模型评估结果 (测试集, 反归一化):
均方误差(MSE): 0.0755
均方根误差(RMSE): 0.2748
平均绝对误差(MAE): 0.2200
拟合优度(R^2): 0.9566
--------------------------------------------------

--- 开始处理 imf_4 ---

--------------------------------------------------
imf_4 模型评估结果 (测试集, 反归一化):
均方误差(MSE): 0.1087
均方根误差(RMSE): 0.3298
平均绝对误差(MAE): 0.2713
拟合优度(R^2): 0.9471
--------------------------------------------------

--- 开始处理 imf_5 ---

--------------------------------------------------
imf_5 模型评估结果 (测试集, 反归一化):
均方误差(MSE): 0.0325
均方根误差(RMSE): 0.1802
平均绝对误差(MAE): 0.1442
拟合优度(R^2): 0.9841
--------------------------------------------------

============================================================
--- 5. 使用LightGBM进行集成预测 ---
============================================================
Training until validation scores don't improve for 10 rounds
Did not meet early stopping. Best iteration is:
[100]   valid_0's l2: 51.3747

=== LightGBM 集成模型评估结果 ===
MSE: 51.374745
RMSE: 7.167618
MAE: 4.257600
RMSE: 7.167618
MAE: 4.257600
R²: 0.589828

============================================================
--- 6. 最终 VMD-CNN-LSTM 重构与对比 ---
============================================================

============================================================
VMD-CNN-LSTM 整体模型评估结果 (测试集重构):
均方误差(MSE): 17.5475
均方根误差(RMSE): 4.1890
平均绝对误差(MAE): 3.3844
拟合优度(R^2): 0.9566
============================================================
